<?xml version="1.0" encoding="UTF-8"?>
<!-- Generated by org.testng.reporters.JUnitXMLReporter -->
<testsuite hostname="LAPTOP-0ESFL29K" ignored="0" tests="4" failures="4" timestamp="2020-09-09T09:26:37 COT" time="0.059" errors="0">
  <testcase name="testCase0" time="0.024" classname="FizzBuzzTest">
    <failure type="java.lang.AssertionError" message="lists don&amp;apos;t have the same size did not expect to find [15] but found [0]">
      <![CDATA[java.lang.AssertionError: lists don't have the same size did not expect to find [15] but found [0]
at FizzBuzzTest.generic(FizzBuzzTest.java:31)
at FizzBuzzTest.testCase0(FizzBuzzTest.java:14)
... Removed 41 stack frames]]>
    </failure>
  </testcase> <!-- testCase0 -->
  <testcase name="testCase1" time="0.002" classname="FizzBuzzTest">
    <failure type="java.lang.AssertionError" message="lists don&amp;apos;t have the same size did not expect to find [65] but found [0]">
      <![CDATA[java.lang.AssertionError: lists don't have the same size did not expect to find [65] but found [0]
at FizzBuzzTest.generic(FizzBuzzTest.java:31)
at FizzBuzzTest.testCase1(FizzBuzzTest.java:18)
... Removed 41 stack frames]]>
    </failure>
  </testcase> <!-- testCase1 -->
  <testcase name="testCase2" time="0.001" classname="FizzBuzzTest">
    <failure type="java.lang.AssertionError" message="lists don&amp;apos;t have the same size did not expect to find [12] but found [0]">
      <![CDATA[java.lang.AssertionError: lists don't have the same size did not expect to find [12] but found [0]
at FizzBuzzTest.generic(FizzBuzzTest.java:31)
at FizzBuzzTest.testCase2(FizzBuzzTest.java:21)
... Removed 41 stack frames]]>
    </failure>
  </testcase> <!-- testCase2 -->
  <testcase name="testCase3" time="0.002" classname="FizzBuzzTest">
    <failure type="java.lang.AssertionError" message="lists don&amp;apos;t have the same size did not expect to find [229] but found [0]">
      <![CDATA[java.lang.AssertionError: lists don't have the same size did not expect to find [229] but found [0]
at FizzBuzzTest.generic(FizzBuzzTest.java:31)
at FizzBuzzTest.testCase3(FizzBuzzTest.java:24)
... Removed 41 stack frames]]>
    </failure>
  </testcase> <!-- testCase3 -->
</testsuite>
